生成启动时间为 2016/12/15 23:14:15。
     1>项目“C:\Users\Kelvin\documents\visual studio 2013\Projects\Project3\Project3\Project3.vcxproj”在节点 2 上(ClCompile 个目标)。
     1>ClCompile:
         D:\Program Files (x86)\Microsoft Visual Studio 12.0\VC\bin\CL.exe /c /ZI /nologo /W3 /WX- /sdl /Od /Oy- /D _CRT_SECURE_NO_WARNINGS /D _MBCS /Gm /EHsc /RTC1 /MDd /GS /fp:precise /Zc:wchar_t /Zc:forScope /Fo"Debug\\" /Fd"Debug\vc120.pdb" /Gd /TP /analyze- /errorReport:prompt CSearch_Book.cpp
         CSearch_Book.cpp
     1>d:\program files (x86)\microsoft visual studio 12.0\vc\include\algorithm(44): error C2664: “bool (std::string &)”: 无法将参数 1 从“SBook”转换为“std::string &”
                 d:\program files (x86)\microsoft visual studio 12.0\vc\include\algorithm(56): 参见对正在编译的函数 模板 实例化“_InIt std::_Find_if<std::_List_unchecked_iterator<std::_List_val<std::_List_simple_types<SBook>>>,bool(__cdecl *)(std::string &)>(_InIt,_InIt,_Pr)”的引用
                 with
                 [
                     _InIt=std::_List_unchecked_iterator<std::_List_val<std::_List_simple_types<SBook>>>
         ,            _Pr=bool (__cdecl *)(std::string &)
                 ]
                 c:\users\kelvin\documents\visual studio 2013\projects\project3\project3\csearch_book.cpp(31): 参见对正在编译的函数 模板 实例化“_InIt std::find_if<std::_List_iterator<std::_List_val<std::_List_simple_types<SBook>>>,bool(__cdecl *)(std::string &)>(_InIt,_InIt,_Pr)”的引用
                 with
                 [
                     _InIt=std::_List_iterator<std::_List_val<std::_List_simple_types<SBook>>>
         ,            _Pr=bool (__cdecl *)(std::string &)
                 ]
     1>已完成生成项目“C:\Users\Kelvin\documents\visual studio 2013\Projects\Project3\Project3\Project3.vcxproj”(ClCompile 个目标)的操作 - 失败。

生成失败。

已用时间 00:00:00.41
